Tue May  9 16:40:19 2023       
+-----------------------------------------------------------------------------+
| NVIDIA-SMI 525.60.13    Driver Version: 525.60.13    CUDA Version: 12.0     |
|-------------------------------+----------------------+----------------------+
| GPU  Name        Persistence-M| Bus-Id        Disp.A | Volatile Uncorr. ECC |
| Fan  Temp  Perf  Pwr:Usage/Cap|         Memory-Usage | GPU-Util  Compute M. |
|                               |                      |               MIG M. |
|===============================+======================+======================|
|   0  NVIDIA A100-PCI...  On   | 00000000:65:00.0 Off |                    0 |
| N/A   28C    P0    32W / 250W |      0MiB / 40960MiB |      0%      Default |
|                               |                      |             Disabled |
+-------------------------------+----------------------+----------------------+
|   1  NVIDIA A100-PCI...  On   | 00000000:E3:00.0 Off |                    0 |
| N/A   29C    P0    36W / 250W |      0MiB / 40960MiB |      0%      Default |
|                               |                      |             Disabled |
+-------------------------------+----------------------+----------------------+
                                                                               
+-----------------------------------------------------------------------------+
| Processes:                                                                  |
|  GPU   GI   CI        PID   Type   Process name                  GPU Memory |
|        ID   ID                                                   Usage      |
|=============================================================================|
|  No running processes found                                                 |
+-----------------------------------------------------------------------------+
rm: cannot remove '/scratch/network/smohr/cos526/multinerf/checkpoints/shinyblender/toaster_transformer/render': Is a directory
rm: cannot remove '/scratch/network/smohr/cos526/multinerf/checkpoints/shinyblender/toaster_transformer/test_preds': Is a directory
2023-05-09 16:40:22.356403: W tensorflow/compiler/xla/stream_executor/platform/default/dso_loader.cc:64] Could not load dynamic library 'libnvinfer.so.7'; dlerror: libnvinfer.so.7: cannot open shared object file: No such file or directory; LD_LIBRARY_PATH: /usr/local/cudnn/cuda-11.5/8.3.2/lib64:/usr/local/cuda-11.7/lib64
2023-05-09 16:40:22.356456: W tensorflow/compiler/xla/stream_executor/platform/default/dso_loader.cc:64] Could not load dynamic library 'libnvinfer_plugin.so.7'; dlerror: libnvinfer_plugin.so.7: cannot open shared object file: No such file or directory; LD_LIBRARY_PATH: /usr/local/cudnn/cuda-11.5/8.3.2/lib64:/usr/local/cuda-11.7/lib64
2023-05-09 16:40:22.356463: W tensorflow/compiler/tf2tensorrt/utils/py_utils.cc:38] TF-TRT Warning: Cannot dlopen some TensorRT libraries. If you would like to use Nvidia GPU with TensorRT, please make sure the missing libraries mentioned above are installed properly.
I0509 16:40:24.968052 22978770765632 xla_bridge.py:440] Unable to initialize backend 'rocm': NOT_FOUND: Could not find registered platform with name: "rocm". Available platform names are: Interpreter CUDA Host
I0509 16:40:24.968576 22978770765632 xla_bridge.py:440] Unable to initialize backend 'tpu': module 'jaxlib.xla_extension' has no attribute 'get_tpu_client'
I0509 16:40:24.968646 22978770765632 xla_bridge.py:440] Unable to initialize backend 'plugin': xla_extension has no attributes named get_plugin_device_client. Compile TensorFlow with //tensorflow/compiler/xla/python:enable_plugin_device set to true (defaults to false) to enable this.
/scratch/network/smohr/multinerf-env/lib/python3.9/site-packages/jax/_src/xla_bridge.py:643: UserWarning: jax.host_id has been renamed to jax.process_index. This alias will eventually be removed; please update your code.
  warnings.warn(
I0509 16:41:03.342169 22978770765632 checkpoints.py:915] Found no checkpoint files in /scratch/network/smohr/cos526/multinerf/checkpoints/shinyblender/toaster_transformer with prefix checkpoint_
I0509 16:41:37.044171 22978770765632 checkpoints.py:490] Saving checkpoint at step: 1
I0509 16:41:37.070388 22978770765632 checkpoints.py:422] Saved checkpoint at /scratch/network/smohr/cos526/multinerf/checkpoints/shinyblender/toaster_transformer/checkpoint_1
Traceback (most recent call last):
  File "/scratch/network/smohr/cos526/multinerf/train.py", line 288, in <module>
    app.run(main)
  File "/scratch/network/smohr/multinerf-env/lib/python3.9/site-packages/absl/app.py", line 308, in run
    _run_main(main, args)
  File "/scratch/network/smohr/multinerf-env/lib/python3.9/site-packages/absl/app.py", line 254, in _run_main
    sys.exit(main(argv))
  File "/scratch/network/smohr/cos526/multinerf/train.py", line 229, in main
    rendering = models.render_image(
  File "/scratch/network/smohr/cos526/multinerf/internal/models.py", line 579, in render_image
    chunk_renderings, _ = render_fn(rng, chunk_rays)
  File "/scratch/network/smohr/multinerf-env/lib/python3.9/site-packages/jax/_src/traceback_util.py", line 166, in reraise_with_filtered_traceback
    return fun(*args, **kwargs)
  File "/scratch/network/smohr/multinerf-env/lib/python3.9/site-packages/jax/_src/api.py", line 1860, in cache_miss
    execute = pxla.xla_pmap_impl_lazy(fun_, *tracers, **params)
  File "/scratch/network/smohr/multinerf-env/lib/python3.9/site-packages/jax/_src/interpreters/pxla.py", line 761, in xla_pmap_impl_lazy
    compiled_fun, fingerprint = parallel_callable(
  File "/scratch/network/smohr/multinerf-env/lib/python3.9/site-packages/jax/_src/linear_util.py", line 322, in memoized_fun
    ans = call(fun, *args)
  File "/scratch/network/smohr/multinerf-env/lib/python3.9/site-packages/jax/_src/interpreters/pxla.py", line 1028, in parallel_callable
    pmap_computation = lower_parallel_callable(
  File "/scratch/network/smohr/multinerf-env/lib/python3.9/site-packages/jax/_src/profiler.py", line 314, in wrapper
    return func(*args, **kwargs)
  File "/scratch/network/smohr/multinerf-env/lib/python3.9/site-packages/jax/_src/interpreters/pxla.py", line 1183, in lower_parallel_callable
    jaxpr, consts, replicas, parts, shards = stage_parallel_callable(pci, fun)
  File "/scratch/network/smohr/multinerf-env/lib/python3.9/site-packages/jax/_src/interpreters/pxla.py", line 1096, in stage_parallel_callable
    jaxpr, out_sharded_avals, consts = pe.trace_to_jaxpr_final(
  File "/scratch/network/smohr/multinerf-env/lib/python3.9/site-packages/jax/_src/profiler.py", line 314, in wrapper
    return func(*args, **kwargs)
  File "/scratch/network/smohr/multinerf-env/lib/python3.9/site-packages/jax/_src/interpreters/partial_eval.py", line 2119, in trace_to_jaxpr_final
    jaxpr, out_avals, consts = trace_to_subjaxpr_dynamic(
  File "/scratch/network/smohr/multinerf-env/lib/python3.9/site-packages/jax/_src/interpreters/partial_eval.py", line 2066, in trace_to_subjaxpr_dynamic
    ans = fun.call_wrapped(*in_tracers_)
  File "/scratch/network/smohr/multinerf-env/lib/python3.9/site-packages/jax/_src/linear_util.py", line 166, in call_wrapped
    ans = self.f(*args, **dict(self.params, **kwargs))
  File "/scratch/network/smohr/cos526/multinerf/internal/train_utils.py", line 373, in render_eval_fn
    model.apply(
  File "/scratch/network/smohr/multinerf-env/lib/python3.9/site-packages/jax/_src/traceback_util.py", line 166, in reraise_with_filtered_traceback
    return fun(*args, **kwargs)
  File "/scratch/network/smohr/multinerf-env/lib/python3.9/site-packages/flax/linen/module.py", line 1485, in apply
    return apply(
  File "/scratch/network/smohr/multinerf-env/lib/python3.9/site-packages/flax/core/scope.py", line 933, in wrapper
    y = fn(root, *args, **kwargs)
  File "/scratch/network/smohr/multinerf-env/lib/python3.9/site-packages/flax/linen/module.py", line 2056, in scope_fn
    return fn(module.clone(parent=scope), *args, **kwargs)
  File "/scratch/network/smohr/multinerf-env/lib/python3.9/site-packages/flax/linen/module.py", line 428, in wrapped_module_method
    return self._call_wrapped_method(fun, args, kwargs)
  File "/scratch/network/smohr/multinerf-env/lib/python3.9/site-packages/flax/linen/module.py", line 860, in _call_wrapped_method
    y = fun(self, *args, **kwargs)
  File "/scratch/network/smohr/cos526/multinerf/internal/models.py", line 173, in __call__
    ray_results = mlp(
  File "/scratch/network/smohr/multinerf-env/lib/python3.9/site-packages/flax/linen/module.py", line 428, in wrapped_module_method
    return self._call_wrapped_method(fun, args, kwargs)
  File "/scratch/network/smohr/multinerf-env/lib/python3.9/site-packages/flax/linen/module.py", line 860, in _call_wrapped_method
    y = fun(self, *args, **kwargs)
  File "/scratch/network/smohr/cos526/multinerf/internal/models.py", line 472, in __call__
    x = transformers.LearnedEmbeddings()(x, viewdirs)
  File "/scratch/network/smohr/multinerf-env/lib/python3.9/site-packages/flax/linen/module.py", line 428, in wrapped_module_method
    return self._call_wrapped_method(fun, args, kwargs)
  File "/scratch/network/smohr/multinerf-env/lib/python3.9/site-packages/flax/linen/module.py", line 860, in _call_wrapped_method
    y = fun(self, *args, **kwargs)
  File "/scratch/network/smohr/cos526/multinerf/internal/transformers.py", line 158, in __call__
    spec_color = LETransformer(
  File "/scratch/network/smohr/multinerf-env/lib/python3.9/site-packages/flax/linen/module.py", line 428, in wrapped_module_method
    return self._call_wrapped_method(fun, args, kwargs)
  File "/scratch/network/smohr/multinerf-env/lib/python3.9/site-packages/flax/linen/module.py", line 860, in _call_wrapped_method
    y = fun(self, *args, **kwargs)
  File "/scratch/network/smohr/cos526/multinerf/internal/transformers.py", line 69, in __call__
    x = EncoderBlock(
  File "/scratch/network/smohr/multinerf-env/lib/python3.9/site-packages/flax/linen/module.py", line 428, in wrapped_module_method
    return self._call_wrapped_method(fun, args, kwargs)
  File "/scratch/network/smohr/multinerf-env/lib/python3.9/site-packages/flax/linen/module.py", line 860, in _call_wrapped_method
    y = fun(self, *args, **kwargs)
  File "/scratch/network/smohr/cos526/multinerf/internal/transformers.py", line 36, in __call__
    attn_out = nn.MultiHeadDotProductAttention(
  File "/scratch/network/smohr/multinerf-env/lib/python3.9/site-packages/flax/linen/module.py", line 428, in wrapped_module_method
    return self._call_wrapped_method(fun, args, kwargs)
  File "/scratch/network/smohr/multinerf-env/lib/python3.9/site-packages/flax/linen/module.py", line 860, in _call_wrapped_method
    y = fun(self, *args, **kwargs)
  File "/scratch/network/smohr/multinerf-env/lib/python3.9/site-packages/flax/linen/attention.py", line 332, in __call__
    x = self.attention_fn(
  File "/scratch/network/smohr/multinerf-env/lib/python3.9/site-packages/flax/linen/attention.py", line 175, in dot_product_attention
    assert query.shape[:-3] == key.shape[:-3] == value.shape[:-3], (
jax._src.traceback_util.UnfilteredStackTrace: AssertionError: q, k, v batch dims must match.

The stack trace below excludes JAX-internal frames.
The preceding is the original exception that occurred, unmodified.

--------------------

The above exception was the direct cause of the following exception:

Traceback (most recent call last):
  File "/scratch/network/smohr/multinerf-env/lib/python3.9/runpy.py", line 197, in _run_module_as_main
    return _run_code(code, main_globals, None,
  File "/scratch/network/smohr/multinerf-env/lib/python3.9/runpy.py", line 87, in _run_code
    exec(code, run_globals)
  File "/scratch/network/smohr/cos526/multinerf/train.py", line 288, in <module>
    app.run(main)
  File "/scratch/network/smohr/multinerf-env/lib/python3.9/site-packages/absl/app.py", line 308, in run
    _run_main(main, args)
  File "/scratch/network/smohr/multinerf-env/lib/python3.9/site-packages/absl/app.py", line 254, in _run_main
    sys.exit(main(argv))
  File "/scratch/network/smohr/cos526/multinerf/train.py", line 229, in main
    rendering = models.render_image(
  File "/scratch/network/smohr/cos526/multinerf/internal/models.py", line 579, in render_image
    chunk_renderings, _ = render_fn(rng, chunk_rays)
  File "/scratch/network/smohr/cos526/multinerf/internal/train_utils.py", line 373, in render_eval_fn
    model.apply(
  File "/scratch/network/smohr/cos526/multinerf/internal/models.py", line 173, in __call__
    ray_results = mlp(
  File "/scratch/network/smohr/cos526/multinerf/internal/models.py", line 472, in __call__
    x = transformers.LearnedEmbeddings()(x, viewdirs)
  File "/scratch/network/smohr/cos526/multinerf/internal/transformers.py", line 158, in __call__
    spec_color = LETransformer(
  File "/scratch/network/smohr/cos526/multinerf/internal/transformers.py", line 69, in __call__
    x = EncoderBlock(
  File "/scratch/network/smohr/cos526/multinerf/internal/transformers.py", line 36, in __call__
    attn_out = nn.MultiHeadDotProductAttention(
  File "/scratch/network/smohr/multinerf-env/lib/python3.9/site-packages/flax/linen/attention.py", line 332, in __call__
    x = self.attention_fn(
  File "/scratch/network/smohr/multinerf-env/lib/python3.9/site-packages/flax/linen/attention.py", line 175, in dot_product_attention
    assert query.shape[:-3] == key.shape[:-3] == value.shape[:-3], (
AssertionError: q, k, v batch dims must match.
Number of parameters being optimized: 1132302
      1/350000: loss=0.11309, psnr= 9.893, lr=2.22e-06 | data=0.11272, orie=4.5e-05, pred=0.00032, 648405 r/s
   5000/350000: loss=0.03260, psnr=15.889, lr=1.64e-04 | data=0.03237, orie=4.7e-05, pred=0.00018, 14943 r/s
Rendering chunk 0/156
2023-05-09 17:07:14.163441: W tensorflow/compiler/xla/stream_executor/platform/default/dso_loader.cc:64] Could not load dynamic library 'libnvinfer.so.7'; dlerror: libnvinfer.so.7: cannot open shared object file: No such file or directory; LD_LIBRARY_PATH: /usr/local/cudnn/cuda-11.5/8.3.2/lib64:/usr/local/cuda-11.7/lib64
2023-05-09 17:07:14.163496: W tensorflow/compiler/xla/stream_executor/platform/default/dso_loader.cc:64] Could not load dynamic library 'libnvinfer_plugin.so.7'; dlerror: libnvinfer_plugin.so.7: cannot open shared object file: No such file or directory; LD_LIBRARY_PATH: /usr/local/cudnn/cuda-11.5/8.3.2/lib64:/usr/local/cuda-11.7/lib64
2023-05-09 17:07:14.163503: W tensorflow/compiler/tf2tensorrt/utils/py_utils.cc:38] TF-TRT Warning: Cannot dlopen some TensorRT libraries. If you would like to use Nvidia GPU with TensorRT, please make sure the missing libraries mentioned above are installed properly.
I0509 17:07:17.007636 22868051609408 xla_bridge.py:440] Unable to initialize backend 'rocm': NOT_FOUND: Could not find registered platform with name: "rocm". Available platform names are: Host Interpreter CUDA
I0509 17:07:17.008196 22868051609408 xla_bridge.py:440] Unable to initialize backend 'tpu': module 'jaxlib.xla_extension' has no attribute 'get_tpu_client'
I0509 17:07:17.008261 22868051609408 xla_bridge.py:440] Unable to initialize backend 'plugin': xla_extension has no attributes named get_plugin_device_client. Compile TensorFlow with //tensorflow/compiler/xla/python:enable_plugin_device set to true (defaults to false) to enable this.
I0509 17:07:47.783352 22868051609408 checkpoints.py:924] Restoring legacy Flax checkpoint from /scratch/network/smohr/cos526/multinerf/checkpoints/shinyblender/toaster_transformer/checkpoint_1
Traceback (most recent call last):
  File "/scratch/network/smohr/cos526/multinerf/eval.py", line 262, in <module>
    app.run(main)
  File "/scratch/network/smohr/multinerf-env/lib/python3.9/site-packages/absl/app.py", line 308, in run
    _run_main(main, args)
  File "/scratch/network/smohr/multinerf-env/lib/python3.9/site-packages/absl/app.py", line 254, in _run_main
    sys.exit(main(argv))
  File "/scratch/network/smohr/cos526/multinerf/eval.py", line 101, in main
    rendering = models.render_image(
  File "/scratch/network/smohr/cos526/multinerf/internal/models.py", line 579, in render_image
    chunk_renderings, _ = render_fn(rng, chunk_rays)
  File "/scratch/network/smohr/multinerf-env/lib/python3.9/site-packages/jax/_src/traceback_util.py", line 166, in reraise_with_filtered_traceback
    return fun(*args, **kwargs)
  File "/scratch/network/smohr/multinerf-env/lib/python3.9/site-packages/jax/_src/api.py", line 1860, in cache_miss
    execute = pxla.xla_pmap_impl_lazy(fun_, *tracers, **params)
  File "/scratch/network/smohr/multinerf-env/lib/python3.9/site-packages/jax/_src/interpreters/pxla.py", line 761, in xla_pmap_impl_lazy
    compiled_fun, fingerprint = parallel_callable(
  File "/scratch/network/smohr/multinerf-env/lib/python3.9/site-packages/jax/_src/linear_util.py", line 322, in memoized_fun
    ans = call(fun, *args)
  File "/scratch/network/smohr/multinerf-env/lib/python3.9/site-packages/jax/_src/interpreters/pxla.py", line 1028, in parallel_callable
    pmap_computation = lower_parallel_callable(
  File "/scratch/network/smohr/multinerf-env/lib/python3.9/site-packages/jax/_src/profiler.py", line 314, in wrapper
    return func(*args, **kwargs)
  File "/scratch/network/smohr/multinerf-env/lib/python3.9/site-packages/jax/_src/interpreters/pxla.py", line 1183, in lower_parallel_callable
    jaxpr, consts, replicas, parts, shards = stage_parallel_callable(pci, fun)
  File "/scratch/network/smohr/multinerf-env/lib/python3.9/site-packages/jax/_src/interpreters/pxla.py", line 1096, in stage_parallel_callable
    jaxpr, out_sharded_avals, consts = pe.trace_to_jaxpr_final(
  File "/scratch/network/smohr/multinerf-env/lib/python3.9/site-packages/jax/_src/profiler.py", line 314, in wrapper
    return func(*args, **kwargs)
  File "/scratch/network/smohr/multinerf-env/lib/python3.9/site-packages/jax/_src/interpreters/partial_eval.py", line 2119, in trace_to_jaxpr_final
    jaxpr, out_avals, consts = trace_to_subjaxpr_dynamic(
  File "/scratch/network/smohr/multinerf-env/lib/python3.9/site-packages/jax/_src/interpreters/partial_eval.py", line 2066, in trace_to_subjaxpr_dynamic
    ans = fun.call_wrapped(*in_tracers_)
  File "/scratch/network/smohr/multinerf-env/lib/python3.9/site-packages/jax/_src/linear_util.py", line 166, in call_wrapped
    ans = self.f(*args, **dict(self.params, **kwargs))
  File "/scratch/network/smohr/cos526/multinerf/internal/train_utils.py", line 373, in render_eval_fn
    model.apply(
  File "/scratch/network/smohr/multinerf-env/lib/python3.9/site-packages/jax/_src/traceback_util.py", line 166, in reraise_with_filtered_traceback
    return fun(*args, **kwargs)
  File "/scratch/network/smohr/multinerf-env/lib/python3.9/site-packages/flax/linen/module.py", line 1485, in apply
    return apply(
  File "/scratch/network/smohr/multinerf-env/lib/python3.9/site-packages/flax/core/scope.py", line 933, in wrapper
    y = fn(root, *args, **kwargs)
  File "/scratch/network/smohr/multinerf-env/lib/python3.9/site-packages/flax/linen/module.py", line 2056, in scope_fn
    return fn(module.clone(parent=scope), *args, **kwargs)
  File "/scratch/network/smohr/multinerf-env/lib/python3.9/site-packages/flax/linen/module.py", line 428, in wrapped_module_method
    return self._call_wrapped_method(fun, args, kwargs)
  File "/scratch/network/smohr/multinerf-env/lib/python3.9/site-packages/flax/linen/module.py", line 860, in _call_wrapped_method
    y = fun(self, *args, **kwargs)
  File "/scratch/network/smohr/cos526/multinerf/internal/models.py", line 173, in __call__
    ray_results = mlp(
  File "/scratch/network/smohr/multinerf-env/lib/python3.9/site-packages/flax/linen/module.py", line 428, in wrapped_module_method
    return self._call_wrapped_method(fun, args, kwargs)
  File "/scratch/network/smohr/multinerf-env/lib/python3.9/site-packages/flax/linen/module.py", line 860, in _call_wrapped_method
    y = fun(self, *args, **kwargs)
  File "/scratch/network/smohr/cos526/multinerf/internal/models.py", line 472, in __call__
    x = transformers.LearnedEmbeddings()(x, viewdirs)
  File "/scratch/network/smohr/multinerf-env/lib/python3.9/site-packages/flax/linen/module.py", line 428, in wrapped_module_method
    return self._call_wrapped_method(fun, args, kwargs)
  File "/scratch/network/smohr/multinerf-env/lib/python3.9/site-packages/flax/linen/module.py", line 860, in _call_wrapped_method
    y = fun(self, *args, **kwargs)
  File "/scratch/network/smohr/cos526/multinerf/internal/transformers.py", line 158, in __call__
    spec_color = LETransformer(
  File "/scratch/network/smohr/multinerf-env/lib/python3.9/site-packages/flax/linen/module.py", line 428, in wrapped_module_method
    return self._call_wrapped_method(fun, args, kwargs)
  File "/scratch/network/smohr/multinerf-env/lib/python3.9/site-packages/flax/linen/module.py", line 860, in _call_wrapped_method
    y = fun(self, *args, **kwargs)
  File "/scratch/network/smohr/cos526/multinerf/internal/transformers.py", line 69, in __call__
    x = EncoderBlock(
  File "/scratch/network/smohr/multinerf-env/lib/python3.9/site-packages/flax/linen/module.py", line 428, in wrapped_module_method
    return self._call_wrapped_method(fun, args, kwargs)
  File "/scratch/network/smohr/multinerf-env/lib/python3.9/site-packages/flax/linen/module.py", line 860, in _call_wrapped_method
    y = fun(self, *args, **kwargs)
  File "/scratch/network/smohr/cos526/multinerf/internal/transformers.py", line 36, in __call__
    attn_out = nn.MultiHeadDotProductAttention(
  File "/scratch/network/smohr/multinerf-env/lib/python3.9/site-packages/flax/linen/module.py", line 428, in wrapped_module_method
    return self._call_wrapped_method(fun, args, kwargs)
  File "/scratch/network/smohr/multinerf-env/lib/python3.9/site-packages/flax/linen/module.py", line 860, in _call_wrapped_method
    y = fun(self, *args, **kwargs)
  File "/scratch/network/smohr/multinerf-env/lib/python3.9/site-packages/flax/linen/attention.py", line 332, in __call__
    x = self.attention_fn(
  File "/scratch/network/smohr/multinerf-env/lib/python3.9/site-packages/flax/linen/attention.py", line 175, in dot_product_attention
    assert query.shape[:-3] == key.shape[:-3] == value.shape[:-3], (
jax._src.traceback_util.UnfilteredStackTrace: AssertionError: q, k, v batch dims must match.

The stack trace below excludes JAX-internal frames.
The preceding is the original exception that occurred, unmodified.

--------------------

The above exception was the direct cause of the following exception:

Traceback (most recent call last):
  File "/scratch/network/smohr/multinerf-env/lib/python3.9/runpy.py", line 197, in _run_module_as_main
    return _run_code(code, main_globals, None,
  File "/scratch/network/smohr/multinerf-env/lib/python3.9/runpy.py", line 87, in _run_code
    exec(code, run_globals)
  File "/scratch/network/smohr/cos526/multinerf/eval.py", line 262, in <module>
    app.run(main)
  File "/scratch/network/smohr/multinerf-env/lib/python3.9/site-packages/absl/app.py", line 308, in run
    _run_main(main, args)
  File "/scratch/network/smohr/multinerf-env/lib/python3.9/site-packages/absl/app.py", line 254, in _run_main
    sys.exit(main(argv))
  File "/scratch/network/smohr/cos526/multinerf/eval.py", line 101, in main
    rendering = models.render_image(
  File "/scratch/network/smohr/cos526/multinerf/internal/models.py", line 579, in render_image
    chunk_renderings, _ = render_fn(rng, chunk_rays)
  File "/scratch/network/smohr/cos526/multinerf/internal/train_utils.py", line 373, in render_eval_fn
    model.apply(
  File "/scratch/network/smohr/cos526/multinerf/internal/models.py", line 173, in __call__
    ray_results = mlp(
  File "/scratch/network/smohr/cos526/multinerf/internal/models.py", line 472, in __call__
    x = transformers.LearnedEmbeddings()(x, viewdirs)
  File "/scratch/network/smohr/cos526/multinerf/internal/transformers.py", line 158, in __call__
    spec_color = LETransformer(
  File "/scratch/network/smohr/cos526/multinerf/internal/transformers.py", line 69, in __call__
    x = EncoderBlock(
  File "/scratch/network/smohr/cos526/multinerf/internal/transformers.py", line 36, in __call__
    attn_out = nn.MultiHeadDotProductAttention(
  File "/scratch/network/smohr/multinerf-env/lib/python3.9/site-packages/flax/linen/attention.py", line 332, in __call__
    x = self.attention_fn(
  File "/scratch/network/smohr/multinerf-env/lib/python3.9/site-packages/flax/linen/attention.py", line 175, in dot_product_attention
    assert query.shape[:-3] == key.shape[:-3] == value.shape[:-3], (
AssertionError: q, k, v batch dims must match.
Evaluating checkpoint at step 1.
Evaluating image 1/200
Rendering chunk 0/156
2023-05-09 17:07:51.420941: W tensorflow/compiler/xla/stream_executor/platform/default/dso_loader.cc:64] Could not load dynamic library 'libnvinfer.so.7'; dlerror: libnvinfer.so.7: cannot open shared object file: No such file or directory; LD_LIBRARY_PATH: /usr/local/cudnn/cuda-11.5/8.3.2/lib64:/usr/local/cuda-11.7/lib64
2023-05-09 17:07:51.420999: W tensorflow/compiler/xla/stream_executor/platform/default/dso_loader.cc:64] Could not load dynamic library 'libnvinfer_plugin.so.7'; dlerror: libnvinfer_plugin.so.7: cannot open shared object file: No such file or directory; LD_LIBRARY_PATH: /usr/local/cudnn/cuda-11.5/8.3.2/lib64:/usr/local/cuda-11.7/lib64
2023-05-09 17:07:51.421005: W tensorflow/compiler/tf2tensorrt/utils/py_utils.cc:38] TF-TRT Warning: Cannot dlopen some TensorRT libraries. If you would like to use Nvidia GPU with TensorRT, please make sure the missing libraries mentioned above are installed properly.
I0509 17:07:57.694432 22770041669440 xla_bridge.py:440] Unable to initialize backend 'rocm': NOT_FOUND: Could not find registered platform with name: "rocm". Available platform names are: Interpreter Host CUDA
I0509 17:07:57.694916 22770041669440 xla_bridge.py:440] Unable to initialize backend 'tpu': module 'jaxlib.xla_extension' has no attribute 'get_tpu_client'
I0509 17:07:57.694978 22770041669440 xla_bridge.py:440] Unable to initialize backend 'plugin': xla_extension has no attributes named get_plugin_device_client. Compile TensorFlow with //tensorflow/compiler/xla/python:enable_plugin_device set to true (defaults to false) to enable this.
I0509 17:08:28.117527 22770041669440 checkpoints.py:924] Restoring legacy Flax checkpoint from /scratch/network/smohr/cos526/multinerf/checkpoints/shinyblender/toaster_transformer/checkpoint_1
Traceback (most recent call last):
  File "/scratch/network/smohr/cos526/multinerf/render.py", line 204, in <module>
    app.run(main)
  File "/scratch/network/smohr/multinerf-env/lib/python3.9/site-packages/absl/app.py", line 308, in run
    _run_main(main, args)
  File "/scratch/network/smohr/multinerf-env/lib/python3.9/site-packages/absl/app.py", line 254, in _run_main
    sys.exit(main(argv))
  File "/scratch/network/smohr/cos526/multinerf/render.py", line 155, in main
    rendering = models.render_image(
  File "/scratch/network/smohr/cos526/multinerf/internal/models.py", line 579, in render_image
    chunk_renderings, _ = render_fn(rng, chunk_rays)
  File "/scratch/network/smohr/multinerf-env/lib/python3.9/site-packages/jax/_src/traceback_util.py", line 166, in reraise_with_filtered_traceback
    return fun(*args, **kwargs)
  File "/scratch/network/smohr/multinerf-env/lib/python3.9/site-packages/jax/_src/api.py", line 1860, in cache_miss
    execute = pxla.xla_pmap_impl_lazy(fun_, *tracers, **params)
  File "/scratch/network/smohr/multinerf-env/lib/python3.9/site-packages/jax/_src/interpreters/pxla.py", line 761, in xla_pmap_impl_lazy
    compiled_fun, fingerprint = parallel_callable(
  File "/scratch/network/smohr/multinerf-env/lib/python3.9/site-packages/jax/_src/linear_util.py", line 322, in memoized_fun
    ans = call(fun, *args)
  File "/scratch/network/smohr/multinerf-env/lib/python3.9/site-packages/jax/_src/interpreters/pxla.py", line 1028, in parallel_callable
    pmap_computation = lower_parallel_callable(
  File "/scratch/network/smohr/multinerf-env/lib/python3.9/site-packages/jax/_src/profiler.py", line 314, in wrapper
    return func(*args, **kwargs)
  File "/scratch/network/smohr/multinerf-env/lib/python3.9/site-packages/jax/_src/interpreters/pxla.py", line 1183, in lower_parallel_callable
    jaxpr, consts, replicas, parts, shards = stage_parallel_callable(pci, fun)
  File "/scratch/network/smohr/multinerf-env/lib/python3.9/site-packages/jax/_src/interpreters/pxla.py", line 1096, in stage_parallel_callable
    jaxpr, out_sharded_avals, consts = pe.trace_to_jaxpr_final(
  File "/scratch/network/smohr/multinerf-env/lib/python3.9/site-packages/jax/_src/profiler.py", line 314, in wrapper
    return func(*args, **kwargs)
  File "/scratch/network/smohr/multinerf-env/lib/python3.9/site-packages/jax/_src/interpreters/partial_eval.py", line 2119, in trace_to_jaxpr_final
    jaxpr, out_avals, consts = trace_to_subjaxpr_dynamic(
  File "/scratch/network/smohr/multinerf-env/lib/python3.9/site-packages/jax/_src/interpreters/partial_eval.py", line 2066, in trace_to_subjaxpr_dynamic
    ans = fun.call_wrapped(*in_tracers_)
  File "/scratch/network/smohr/multinerf-env/lib/python3.9/site-packages/jax/_src/linear_util.py", line 166, in call_wrapped
    ans = self.f(*args, **dict(self.params, **kwargs))
  File "/scratch/network/smohr/cos526/multinerf/internal/train_utils.py", line 373, in render_eval_fn
    model.apply(
  File "/scratch/network/smohr/multinerf-env/lib/python3.9/site-packages/jax/_src/traceback_util.py", line 166, in reraise_with_filtered_traceback
    return fun(*args, **kwargs)
  File "/scratch/network/smohr/multinerf-env/lib/python3.9/site-packages/flax/linen/module.py", line 1485, in apply
    return apply(
  File "/scratch/network/smohr/multinerf-env/lib/python3.9/site-packages/flax/core/scope.py", line 933, in wrapper
    y = fn(root, *args, **kwargs)
  File "/scratch/network/smohr/multinerf-env/lib/python3.9/site-packages/flax/linen/module.py", line 2056, in scope_fn
    return fn(module.clone(parent=scope), *args, **kwargs)
  File "/scratch/network/smohr/multinerf-env/lib/python3.9/site-packages/flax/linen/module.py", line 428, in wrapped_module_method
    return self._call_wrapped_method(fun, args, kwargs)
  File "/scratch/network/smohr/multinerf-env/lib/python3.9/site-packages/flax/linen/module.py", line 860, in _call_wrapped_method
    y = fun(self, *args, **kwargs)
  File "/scratch/network/smohr/cos526/multinerf/internal/models.py", line 173, in __call__
    ray_results = mlp(
  File "/scratch/network/smohr/multinerf-env/lib/python3.9/site-packages/flax/linen/module.py", line 428, in wrapped_module_method
    return self._call_wrapped_method(fun, args, kwargs)
  File "/scratch/network/smohr/multinerf-env/lib/python3.9/site-packages/flax/linen/module.py", line 860, in _call_wrapped_method
    y = fun(self, *args, **kwargs)
  File "/scratch/network/smohr/cos526/multinerf/internal/models.py", line 472, in __call__
    x = transformers.LearnedEmbeddings()(x, viewdirs)
  File "/scratch/network/smohr/multinerf-env/lib/python3.9/site-packages/flax/linen/module.py", line 428, in wrapped_module_method
    return self._call_wrapped_method(fun, args, kwargs)
  File "/scratch/network/smohr/multinerf-env/lib/python3.9/site-packages/flax/linen/module.py", line 860, in _call_wrapped_method
    y = fun(self, *args, **kwargs)
  File "/scratch/network/smohr/cos526/multinerf/internal/transformers.py", line 158, in __call__
    spec_color = LETransformer(
  File "/scratch/network/smohr/multinerf-env/lib/python3.9/site-packages/flax/linen/module.py", line 428, in wrapped_module_method
    return self._call_wrapped_method(fun, args, kwargs)
  File "/scratch/network/smohr/multinerf-env/lib/python3.9/site-packages/flax/linen/module.py", line 860, in _call_wrapped_method
    y = fun(self, *args, **kwargs)
  File "/scratch/network/smohr/cos526/multinerf/internal/transformers.py", line 69, in __call__
    x = EncoderBlock(
  File "/scratch/network/smohr/multinerf-env/lib/python3.9/site-packages/flax/linen/module.py", line 428, in wrapped_module_method
    return self._call_wrapped_method(fun, args, kwargs)
  File "/scratch/network/smohr/multinerf-env/lib/python3.9/site-packages/flax/linen/module.py", line 860, in _call_wrapped_method
    y = fun(self, *args, **kwargs)
  File "/scratch/network/smohr/cos526/multinerf/internal/transformers.py", line 36, in __call__
    attn_out = nn.MultiHeadDotProductAttention(
  File "/scratch/network/smohr/multinerf-env/lib/python3.9/site-packages/flax/linen/module.py", line 428, in wrapped_module_method
    return self._call_wrapped_method(fun, args, kwargs)
  File "/scratch/network/smohr/multinerf-env/lib/python3.9/site-packages/flax/linen/module.py", line 860, in _call_wrapped_method
    y = fun(self, *args, **kwargs)
  File "/scratch/network/smohr/multinerf-env/lib/python3.9/site-packages/flax/linen/attention.py", line 332, in __call__
    x = self.attention_fn(
  File "/scratch/network/smohr/multinerf-env/lib/python3.9/site-packages/flax/linen/attention.py", line 175, in dot_product_attention
    assert query.shape[:-3] == key.shape[:-3] == value.shape[:-3], (
jax._src.traceback_util.UnfilteredStackTrace: AssertionError: q, k, v batch dims must match.

The stack trace below excludes JAX-internal frames.
The preceding is the original exception that occurred, unmodified.

--------------------

The above exception was the direct cause of the following exception:

Traceback (most recent call last):
  File "/scratch/network/smohr/multinerf-env/lib/python3.9/runpy.py", line 197, in _run_module_as_main
    return _run_code(code, main_globals, None,
  File "/scratch/network/smohr/multinerf-env/lib/python3.9/runpy.py", line 87, in _run_code
    exec(code, run_globals)
  File "/scratch/network/smohr/cos526/multinerf/render.py", line 204, in <module>
    app.run(main)
  File "/scratch/network/smohr/multinerf-env/lib/python3.9/site-packages/absl/app.py", line 308, in run
    _run_main(main, args)
  File "/scratch/network/smohr/multinerf-env/lib/python3.9/site-packages/absl/app.py", line 254, in _run_main
    sys.exit(main(argv))
  File "/scratch/network/smohr/cos526/multinerf/render.py", line 155, in main
    rendering = models.render_image(
  File "/scratch/network/smohr/cos526/multinerf/internal/models.py", line 579, in render_image
    chunk_renderings, _ = render_fn(rng, chunk_rays)
  File "/scratch/network/smohr/cos526/multinerf/internal/train_utils.py", line 373, in render_eval_fn
    model.apply(
  File "/scratch/network/smohr/cos526/multinerf/internal/models.py", line 173, in __call__
    ray_results = mlp(
  File "/scratch/network/smohr/cos526/multinerf/internal/models.py", line 472, in __call__
    x = transformers.LearnedEmbeddings()(x, viewdirs)
  File "/scratch/network/smohr/cos526/multinerf/internal/transformers.py", line 158, in __call__
    spec_color = LETransformer(
  File "/scratch/network/smohr/cos526/multinerf/internal/transformers.py", line 69, in __call__
    x = EncoderBlock(
  File "/scratch/network/smohr/cos526/multinerf/internal/transformers.py", line 36, in __call__
    attn_out = nn.MultiHeadDotProductAttention(
  File "/scratch/network/smohr/multinerf-env/lib/python3.9/site-packages/flax/linen/attention.py", line 332, in __call__
    x = self.attention_fn(
  File "/scratch/network/smohr/multinerf-env/lib/python3.9/site-packages/flax/linen/attention.py", line 175, in dot_product_attention
    assert query.shape[:-3] == key.shape[:-3] == value.shape[:-3], (
AssertionError: q, k, v batch dims must match.
Rendering checkpoint at step 1.
Evaluating image 1/200
Rendering chunk 0/156
